<?xml version="1.0" encoding="UTF-8"?>
<!-- Generated by org.testng.reporters.JUnitXMLReporter -->
<testsuite hostname="FCIND-0005" ignored="0" name="Test" tests="1" failures="0" timestamp="04 Apr 2019 08:31:26 GMT" time="0.04" errors="0">
  <testcase name="@BeforeClass setup" time="0.0" classname="com.inetbanking.testcases.Baseclass">
    <failure type="org.testng.TestNGException" message="
Parameter &amp;apos;browser&amp;apos; is required by BeforeClass on method setup but has not been marked @Optional or defined
in C:\Users\vamshikrishnam\Desktop\surekha\inetbanking\Testng.xml">
      <![CDATA[org.testng.TestNGException: 
Parameter 'browser' is required by BeforeClass on method setup but has not been marked @Optional or defined
in C:\Users\vamshikrishnam\Desktop\surekha\inetbanking\Testng.xml
... Removed 23 stack frames]]>
    </failure>
  </testcase> <!-- @BeforeClass setup -->
  <testcase name="@AfterClass teardown" time="0.0" classname="com.inetbanking.testcases.Baseclass">
    <skipped/>
  </testcase> <!-- @AfterClass teardown -->
  <testcase name="loginTest" time="0.0" classname="com.inetbanking.testcases.Tc_LoginTest_001">
    <skipped/>
  </testcase> <!-- loginTest -->
</testsuite> <!-- Test -->
